app/build/outputs/logs/manifest-merger-debug-report.txt
-- Merging decision tree log ---
manifest
ADDED from src/main/AndroidManifest.xml:2:1-52:12
	package
		ADDED from src/main/AndroidManifest.xml:3:2-43
		INJECTED from src/main/AndroidManifest.xml
		INJECTED from src/main/AndroidManifest.xml
	android:versionName
		ADDED from src/main/AndroidManifest.xml:6:2-29
		INJECTED from src/main/AndroidManifest.xml
		INJECTED from src/main/AndroidManifest.xml
	android:versionCode
		ADDED from src/main/AndroidManifest.xml:5:2-29
		INJECTED from src/main/AndroidManifest.xml
		INJECTED from src/main/AndroidManifest.xml
	xmlns:android
		ADDED from src/main/AndroidManifest.xml:2:11-69
	android:installLocation
		ADDED from src/main/AndroidManifest.xml:4:2-32
uses-sdk
ADDED from src/main/AndroidManifest.xml:8:2-10:35
MERGED from [com.android.support:support-v4:23.1.1] AndroidManifest.xml:20:5-43
	android:targetSdkVersion
		ADDED from src/main/AndroidManifest.xml:10:3-32
		INJECTED from src/main/AndroidManifest.xml
		INJECTED from src/main/AndroidManifest.xml
	android:minSdkVersion
		ADDED from src/main/AndroidManifest.xml:9:3-29
		INJECTED from src/main/AndroidManifest.xml
		INJECTED from src/main/AndroidManifest.xml
uses-feature#android.hardware.touchscreen
ADDED from src/main/AndroidManifest.xml:12:2-14:30
	android:required
		ADDED from src/main/AndroidManifest.xml:14:3-27
	android:name
		ADDED from src/main/AndroidManifest.xml:13:3-46
uses-feature#android.hardware.screen.landscape
ADDED from src/main/AndroidManifest.xml:16:2-18:29
	android:required
		ADDED from src/main/AndroidManifest.xml:18:3-27
	android:name
		ADDED from src/main/AndroidManifest.xml:17:3-51
uses-permission#android.permission.SYSTEM_ALERT_WINDOW
ADDED from src/main/AndroidManifest.xml:21:2-74
	android:name
		ADDED from src/main/AndroidManifest.xml:21:19-72
application
ADDED from src/main/AndroidManifest.xml:23:2-50:16
MERGED from [com.android.support:support-v4:23.1.1] AndroidManifest.xml:22:5-20
	android:label
		ADDED from src/main/AndroidManifest.xml:28:3-35
	android:allowClearUserData
		ADDED from src/main/AndroidManifest.xml:26:3-36
	android:hardwareAccelerated
		ADDED from src/main/AndroidManifest.xml:25:3-37
	android:icon
		ADDED from src/main/AndroidManifest.xml:27:3-39
	android:name
		ADDED from src/main/AndroidManifest.xml:24:3-22
activity#eu.inmite.android.gridwichterle.activity.SettingsActivity
ADDED from src/main/AndroidManifest.xml:30:3-40:14
	android:label
		ADDED from src/main/AndroidManifest.xml:33:4-36
	android:theme
		ADDED from src/main/AndroidManifest.xml:32:4-47
	android:name
		ADDED from src/main/AndroidManifest.xml:31:4-45
intent-filter#android.intent.action.MAIN+android.intent.category.DEFAULT+android.intent.category.LAUNCHER
ADDED from src/main/AndroidManifest.xml:34:4-39:20
action#android.intent.action.MAIN
ADDED from src/main/AndroidManifest.xml:35:5-57
	android:name
		ADDED from src/main/AndroidManifest.xml:35:13-54
category#android.intent.category.DEFAULT
ADDED from src/main/AndroidManifest.xml:37:5-64
	android:name
		ADDED from src/main/AndroidManifest.xml:37:15-61
category#android.intent.category.LAUNCHER
ADDED from src/main/AndroidManifest.xml:38:5-65
	android:name
		ADDED from src/main/AndroidManifest.xml:38:15-62
service#eu.inmite.android.gridwichterle.services.GridOverlayService
ADDED from src/main/AndroidManifest.xml:42:3-58
	android:name
		ADDED from src/main/AndroidManifest.xml:42:12-55
receiver#eu.inmite.android.gridwichterle.core.NotificationReceiver
ADDED from src/main/AndroidManifest.xml:44:3-48:14
	android:name
		ADDED from src/main/AndroidManifest.xml:44:13-54
intent-filter#notification_cancelled
ADDED from src/main/AndroidManifest.xml:45:4-47:20
action#notification_cancelled
ADDED from src/main/AndroidManifest.xml:46:5-52
	android:name
		ADDED from src/main/AndroidManifest.xml:46:13-50